2022-08-17 00:29:27  => { [34mdebug[39m } => message: This is debug level >>> 
2022-08-17 00:29:27  => { [32minfo[39m } => message: This is info level >>> 
2022-08-17 00:29:27  => { [33mwarn[39m } => message: This is warn level >>> 
2022-08-17 00:29:27  => { [31merror[39m } => message: This is error level >>> 
2022-08-17 00:29:27  => { [32minfo[39m } => message: The server is listenning : ...
2022-08-17 00:29:35  => { [34mdebug[39m } => message: GET / This is debug level >>>  : [object Object]
2022-08-17 00:29:54  => { [34mdebug[39m } => message: GET / This is debug level >>>  : [object Object]
2022-08-17 00:30:22  => { [34mdebug[39m } => message: This is debug level >>> 
2022-08-17 00:30:22  => { [32minfo[39m } => message: This is info level >>> 
2022-08-17 00:30:22  => { [33mwarn[39m } => message: This is warn level >>> 
2022-08-17 00:30:22  => { [31merror[39m } => message: This is error level >>> 
2022-08-17 00:30:22  => { [32minfo[39m } => message: The server is listenning : ...
2022-08-17 00:30:27  => { [34mdebug[39m } => message: GET / This is debug level >>>  : /user
2022-08-17 00:41:10  => { [34mdebug[39m } => message: This is debug level >>> 
2022-08-17 00:41:10  => { [32minfo[39m } => message: The server is listenning : ...
2022-08-17 00:41:25  => { [32minfo[39m } => message: The server is listenning : ...
2022-08-17 00:41:32  => { [32minfo[39m } => message: GET / This is info level >>>  : /
2022-08-17 00:41:52  => { [32minfo[39m } => message: GET / This is info level >>>  : /user
2022-08-17 00:43:47  => { [32minfo[39m } => message: The server is listenning : ...
2022-08-17 00:43:53  => { [34mdebug[39m } => message: GET / This is homepage >>>  : 
2022-08-17 00:44:08  => { [32minfo[39m } => message: Type of method :GET / This is info level >>>  : /admin
2022-08-17 00:45:08  => { [32minfo[39m } => message: Type of method :GET / This is info level >>>  : /admin
2022-08-17 00:45:12  => { [32minfo[39m } => message: Type of method :GET / This is info level >>>  : /admin
2022-08-17 00:49:20  => { [32minfo[39m } => message: The server is listenning : ...
2022-08-17 00:49:45  => { [34mdebug[39m } => message: GET / This is homepage >>>  : 
2022-08-17 00:49:58  => { [32minfo[39m } => message: Type of method :GET / This is info level >>>  : /admin
2022-08-17 00:50:09  => { [33mwarn[39m } => message: Type of method :POST / This is info level >>>  : undefined
2022-08-17 00:53:45  => { [33mwarn[39m } => message: Type of method :POST / This is info level >>>  : undefined
2022-08-17 00:55:24  => { [32minfo[39m } => message: The server is listenning : ...
2022-08-17 00:55:31  => { [33mwarn[39m } => message: Type of method :POST / This is warn level >>>  : undefined
2022-08-17 00:56:02  => { [32minfo[39m } => message: The server is listenning : ...
2022-08-17 00:56:07  => { [33mwarn[39m } => message: Type of method :POST / This is warn level >>>  : [object Object]
2022-08-17 00:56:52  => { [32minfo[39m } => message: The server is listenning : ...
2022-08-17 00:56:55  => { [33mwarn[39m } => message: Type of method :POST / This is warn level >>>  : undefined
2022-08-17 00:57:52  => { [32minfo[39m } => message: The server is listenning : ...
2022-08-17 00:59:41  => { [32minfo[39m } => message: The server is listenning : ...
2022-08-17 01:00:08  => { [32minfo[39m } => message: The server is listenning : ...
2022-08-17 01:00:16  => { [32minfo[39m } => message: Type of method :GET / This is info level >>>  : /admin
2022-08-17 01:00:40  => { [33mwarn[39m } => message: Type of method :POST / This is warn level >>>  : undefined
2022-08-17 01:04:58  => { [32minfo[39m } => message: The server is listenning : ...
2022-08-17 01:05:02  => { [33mwarn[39m } => message: Type of method :POST / This is warn level >>>  : undefined
2022-08-17 01:06:30  => { [32minfo[39m } => message: The server is listenning : ...
2022-08-17 01:06:36  => { [33mwarn[39m } => message: Type of method :POST / This is warn level >>>  : undefined
2022-08-17 01:07:36  => { [32minfo[39m } => message: The server is listenning : ...
2022-08-17 01:07:39  => { [33mwarn[39m } => message: Type of method :POST / This is warn level >>>  : [object Object]
2022-08-17 01:08:54  => { [32minfo[39m } => message: The server is listenning : ...
2022-08-17 01:09:02  => { [32minfo[39m } => message: The server is listenning : ...
2022-08-17 01:09:05  => { [33mwarn[39m } => message: Type of method :POST / This is warn level >>>  : [object Object]
2022-08-17 01:12:14  => { [32minfo[39m } => message: The server is listenning : ...
2022-08-17 01:12:17  => { [33mwarn[39m } => message: Type of method :POST / This is warn level >>>  : undefined
2022-08-17 01:14:20  => { [32minfo[39m } => message: The server is listenning : ...
2022-08-17 01:14:24  => { [33mwarn[39m } => message: Type of method :POST / This is warn level >>>  : [object Object]
2022-08-17 01:15:30  => { [32minfo[39m } => message: The server is listenning : ...
2022-08-17 01:16:42  => { [33mwarn[39m } => message: Type of method :POST / This is warn level >>>  : 
2022-08-17 01:17:06  => { [32minfo[39m } => message: Type of method :GET / This is info level >>>  : /admin
2022-08-17 01:17:19  => { [34mdebug[39m } => message: GET / This is homepage >>>  : 
